CC_Shop/android/app/build/intermediates/manifest_merge_blame_file/debug/manifest-merger-blame-debug-report.txt
1<?xml version="1.0" encoding="utf-8"?>
2<manifest xmlns:android="http://schemas.android.com/apk/res/android"
3    package="com.campuscart_shop"
4    android:versionCode="1"
5    android:versionName="1.0" >
6
7    <uses-sdk
8        android:minSdkVersion="21"
9        android:targetSdkVersion="33" />
10
11    <uses-permission android:name="android.permission.SYSTEM_ALERT_WINDOW" />
11-->src\debug\AndroidManifest.xml:5:5-77
11-->src\debug\AndroidManifest.xml:5:22-75
12    <uses-permission android:name="android.permission.INTERNET" />
12-->src\main\AndroidManifest.xml:3:5-67
12-->src\main\AndroidManifest.xml:3:22-64
13    <uses-permission android:name="android.permission.ACCESS_WIFI_STATE" />
13-->[com.facebook.flipper:flipper:0.125.0] AndroidManifest.xml:16:5-76
13-->[com.facebook.flipper:flipper:0.125.0] AndroidManifest.xml:16:22-73
14    <uses-permission android:name="android.permission.WAKE_LOCK" />
14-->[:react-native-firebase_messaging] AndroidManifest.xml:10:5-68
14-->[:react-native-firebase_messaging] AndroidManifest.xml:10:22-65
15    <uses-permission android:name="android.permission.ACCESS_NETWORK_STATE" />
15-->[:react-native-firebase_messaging] AndroidManifest.xml:11:5-79
15-->[:react-native-firebase_messaging] AndroidManifest.xml:11:22-76
16    <uses-permission android:name="android.permission.POST_NOTIFICATIONS" /> <!-- Required by older versions of Google Play services to create IID tokens -->
16-->[com.google.firebase:firebase-messaging:24.1.1] AndroidManifest.xml:23:5-77
16-->[com.google.firebase:firebase-messaging:24.1.1] AndroidManifest.xml:23:22-74
17    <uses-permission android:name="com.google.android.c2dm.permission.RECEIVE" />
17-->[com.google.firebase:firebase-messaging:24.1.1] AndroidManifest.xml:26:5-82
17-->[com.google.firebase:firebase-messaging:24.1.1] AndroidManifest.xml:26:22-79
18
19    <application
19-->src\main\AndroidManifest.xml:5:5-24:19
20        android:name="com.campuscart_shop.MainApplication"
20-->src\main\AndroidManifest.xml:6:7-38
21        android:allowBackup="false"
21-->src\main\AndroidManifest.xml:10:7-34
22        android:appComponentFactory="androidx.core.app.CoreComponentFactory"
22-->[androidx.core:core:1.8.0] AndroidManifest.xml:24:18-86
23        android:debuggable="true"
24        android:icon="@mipmap/ic_launcher"
24-->src\main\AndroidManifest.xml:8:7-41
25        android:label="@string/app_name"
25-->src\main\AndroidManifest.xml:7:7-39
26        android:roundIcon="@mipmap/ic_launcher_round"
26-->src\main\AndroidManifest.xml:9:7-52
27        android:theme="@style/AppTheme"
27-->src\main\AndroidManifest.xml:11:7-38
28        android:usesCleartextTraffic="true" >
28-->src\debug\AndroidManifest.xml:8:9-44
29        <activity
29-->src\debug\AndroidManifest.xml:11:9-111
30            android:name="com.facebook.react.devsupport.DevSettingsActivity"
30-->src\debug\AndroidManifest.xml:11:19-83
31            android:exported="false" />
31-->src\debug\AndroidManifest.xml:11:84-108
32        <activity
32-->src\main\AndroidManifest.xml:12:7-23:18
33            android:name="com.campuscart_shop.MainActivity"
33-->src\main\AndroidManifest.xml:13:9-37
34            android:configChanges="keyboard|keyboardHidden|orientation|screenLayout|screenSize|smallestScreenSize|uiMode"
34-->src\main\AndroidManifest.xml:15:9-118
35            android:exported="true"
35-->src\main\AndroidManifest.xml:18:9-32
36            android:label="@string/app_name"
36-->src\main\AndroidManifest.xml:14:9-41
37            android:launchMode="singleTask"
37-->src\main\AndroidManifest.xml:16:9-40
38            android:windowSoftInputMode="adjustNothing" >
38-->src\main\AndroidManifest.xml:17:9-52
39            <intent-filter>
39-->src\main\AndroidManifest.xml:19:9-22:25
40                <action android:name="android.intent.action.MAIN" />
40-->src\main\AndroidManifest.xml:20:13-65
40-->src\main\AndroidManifest.xml:20:21-62
41
42                <category android:name="android.intent.category.LAUNCHER" />
42-->src\main\AndroidManifest.xml:21:13-73
42-->src\main\AndroidManifest.xml:21:23-70
43            </intent-filter>
44        </activity>
45
46        <service
46-->[:react-native-firebase_messaging] AndroidManifest.xml:14:9-16:40
47            android:name="io.invertase.firebase.messaging.ReactNativeFirebaseMessagingHeadlessService"
47-->[:react-native-firebase_messaging] AndroidManifest.xml:15:13-103
48            android:exported="false" />
48-->[:react-native-firebase_messaging] AndroidManifest.xml:16:13-37
49        <service
49-->[:react-native-firebase_messaging] AndroidManifest.xml:17:9-23:19
50            android:name="io.invertase.firebase.messaging.ReactNativeFirebaseMessagingService"
50-->[:react-native-firebase_messaging] AndroidManifest.xml:18:13-95
51            android:exported="false" >
51-->[:react-native-firebase_messaging] AndroidManifest.xml:19:13-37
52            <intent-filter>
52-->[:react-native-firebase_messaging] AndroidManifest.xml:20:13-22:29
53                <action android:name="com.google.firebase.MESSAGING_EVENT" />
53-->[:react-native-firebase_messaging] AndroidManifest.xml:21:17-78
53-->[:react-native-firebase_messaging] AndroidManifest.xml:21:25-75
54            </intent-filter>
55        </service>
56
57        <receiver
57-->[:react-native-firebase_messaging] AndroidManifest.xml:25:9-32:20
58            android:name="io.invertase.firebase.messaging.ReactNativeFirebaseMessagingReceiver"
58-->[:react-native-firebase_messaging] AndroidManifest.xml:26:13-96
59            android:exported="true"
59-->[:react-native-firebase_messaging] AndroidManifest.xml:27:13-36
60            android:permission="com.google.android.c2dm.permission.SEND" >
60-->[:react-native-firebase_messaging] AndroidManifest.xml:28:13-73
61            <intent-filter>
61-->[:react-native-firebase_messaging] AndroidManifest.xml:29:13-31:29
62                <action android:name="com.google.android.c2dm.intent.RECEIVE" />
62-->[:react-native-firebase_messaging] AndroidManifest.xml:30:17-81
62-->[:react-native-firebase_messaging] AndroidManifest.xml:30:25-78
63            </intent-filter>
64        </receiver>
65
66        <meta-data
66-->[:react-native-firebase_messaging] AndroidManifest.xml:34:9-36:36
67            android:name="firebase_messaging_auto_init_enabled"
67-->[:react-native-firebase_messaging] AndroidManifest.xml:35:13-64
68            android:value="true" />
68-->[:react-native-firebase_messaging] AndroidManifest.xml:36:13-33
69        <meta-data
69-->[:react-native-firebase_messaging] AndroidManifest.xml:37:9-39:32
70            android:name="com.google.firebase.messaging.default_notification_channel_id"
70-->[:react-native-firebase_messaging] AndroidManifest.xml:38:13-89
71            android:value="" />
71-->[:react-native-firebase_messaging] AndroidManifest.xml:39:13-29
72        <meta-data
72-->[:react-native-firebase_messaging] AndroidManifest.xml:40:9-42:47
73            android:name="com.google.firebase.messaging.default_notification_color"
73-->[:react-native-firebase_messaging] AndroidManifest.xml:41:13-84
74            android:resource="@color/white" />
74-->[:react-native-firebase_messaging] AndroidManifest.xml:42:13-44
75        <meta-data
75-->[:react-native-firebase_app] AndroidManifest.xml:11:9-13:36
76            android:name="app_data_collection_default_enabled"
76-->[:react-native-firebase_app] AndroidManifest.xml:12:13-63
77            android:value="true" />
77-->[:react-native-firebase_app] AndroidManifest.xml:13:13-33
78
79        <service
79-->[:react-native-firebase_app] AndroidManifest.xml:15:9-23:19
80            android:name="com.google.firebase.components.ComponentDiscoveryService"
80-->[:react-native-firebase_app] AndroidManifest.xml:16:13-84
81            android:directBootAware="true"
81-->[:react-native-firebase_app] AndroidManifest.xml:17:13-43
82            android:exported="false" >
82-->[:react-native-firebase_app] AndroidManifest.xml:18:13-37
83            <meta-data
83-->[:react-native-firebase_app] AndroidManifest.xml:20:13-22:85
84                android:name="com.google.firebase.components:io.invertase.firebase.app.ReactNativeFirebaseAppRegistrar"
84-->[:react-native-firebase_app] AndroidManifest.xml:21:17-120
85                android:value="com.google.firebase.components.ComponentRegistrar" />
85-->[:react-native-firebase_app] AndroidManifest.xml:22:17-82
86            <meta-data
86-->[com.google.firebase:firebase-messaging:24.1.1] AndroidManifest.xml:57:13-59:85
87                android:name="com.google.firebase.components:com.google.firebase.messaging.FirebaseMessagingKtxRegistrar"
87-->[com.google.firebase:firebase-messaging:24.1.1] AndroidManifest.xml:58:17-122
88                android:value="com.google.firebase.components.ComponentRegistrar" />
88-->[com.google.firebase:firebase-messaging:24.1.1] AndroidManifest.xml:59:17-82
89            <meta-data
89-->[com.google.firebase:firebase-messaging:24.1.1] AndroidManifest.xml:60:13-62:85
90                android:name="com.google.firebase.components:com.google.firebase.messaging.FirebaseMessagingRegistrar"
90-->[com.google.firebase:firebase-messaging:24.1.1] AndroidManifest.xml:61:17-119
91                android:value="com.google.firebase.components.ComponentRegistrar" />
91-->[com.google.firebase:firebase-messaging:24.1.1] AndroidManifest.xml:62:17-82
92            <meta-data
92-->[com.google.firebase:firebase-installations:18.0.0] AndroidManifest.xml:15:13-17:85
93                android:name="com.google.firebase.components:com.google.firebase.installations.FirebaseInstallationsKtxRegistrar"
93-->[com.google.firebase:firebase-installations:18.0.0] AndroidManifest.xml:16:17-130
94                android:value="com.google.firebase.components.ComponentRegistrar" />
94-->[com.google.firebase:firebase-installations:18.0.0] AndroidManifest.xml:17:17-82
95            <meta-data
95-->[com.google.firebase:firebase-installations:18.0.0] AndroidManifest.xml:18:13-20:85
96                android:name="com.google.firebase.components:com.google.firebase.installations.FirebaseInstallationsRegistrar"
96-->[com.google.firebase:firebase-installations:18.0.0] AndroidManifest.xml:19:17-127
97                android:value="com.google.firebase.components.ComponentRegistrar" />
97-->[com.google.firebase:firebase-installations:18.0.0] AndroidManifest.xml:20:17-82
98            <meta-data
98-->[com.google.firebase:firebase-common-ktx:21.0.0] AndroidManifest.xml:12:13-14:85
99                android:name="com.google.firebase.components:com.google.firebase.ktx.FirebaseCommonLegacyRegistrar"
99-->[com.google.firebase:firebase-common-ktx:21.0.0] AndroidManifest.xml:13:17-116
100                android:value="com.google.firebase.components.ComponentRegistrar" />
100-->[com.google.firebase:firebase-common-ktx:21.0.0] AndroidManifest.xml:14:17-82
101            <meta-data
101-->[com.google.firebase:firebase-common:21.0.0] AndroidManifest.xml:35:13-37:85
102                android:name="com.google.firebase.components:com.google.firebase.FirebaseCommonKtxRegistrar"
102-->[com.google.firebase:firebase-common:21.0.0] AndroidManifest.xml:36:17-109
103                android:value="com.google.firebase.components.ComponentRegistrar" />
103-->[com.google.firebase:firebase-common:21.0.0] AndroidManifest.xml:37:17-82
104            <meta-data
104-->[com.google.firebase:firebase-datatransport:18.2.0] AndroidManifest.xml:25:13-27:85
105                android:name="com.google.firebase.components:com.google.firebase.datatransport.TransportRegistrar"
105-->[com.google.firebase:firebase-datatransport:18.2.0] AndroidManifest.xml:26:17-115
106                android:value="com.google.firebase.components.ComponentRegistrar" />
106-->[com.google.firebase:firebase-datatransport:18.2.0] AndroidManifest.xml:27:17-82
107        </service>
108
109        <provider
109-->[:react-native-firebase_app] AndroidManifest.xml:25:9-29:38
110            android:name="io.invertase.firebase.app.ReactNativeFirebaseAppInitProvider"
110-->[:react-native-firebase_app] AndroidManifest.xml:26:13-88
111            android:authorities="com.campuscart_shop.reactnativefirebaseappinitprovider"
111-->[:react-native-firebase_app] AndroidManifest.xml:27:13-86
112            android:exported="false"
112-->[:react-native-firebase_app] AndroidManifest.xml:28:13-37
113            android:initOrder="99" />
113-->[:react-native-firebase_app] AndroidManifest.xml:29:13-35
114        <provider
114-->[androidx.emoji2:emoji2:1.0.0] AndroidManifest.xml:26:9-34:20
115            android:name="androidx.startup.InitializationProvider"
115-->[androidx.emoji2:emoji2:1.0.0] AndroidManifest.xml:27:13-67
116            android:authorities="com.campuscart_shop.androidx-startup"
116-->[androidx.emoji2:emoji2:1.0.0] AndroidManifest.xml:28:13-68
117            android:exported="false" >
117-->[androidx.emoji2:emoji2:1.0.0] AndroidManifest.xml:29:13-37
118            <meta-data
118-->[androidx.emoji2:emoji2:1.0.0] AndroidManifest.xml:31:13-33:52
119                android:name="androidx.emoji2.text.EmojiCompatInitializer"
119-->[androidx.emoji2:emoji2:1.0.0] AndroidManifest.xml:32:17-75
120                android:value="androidx.startup" />
120-->[androidx.emoji2:emoji2:1.0.0] AndroidManifest.xml:33:17-49
121            <meta-data
121-->[androidx.lifecycle:lifecycle-process:2.4.0] AndroidManifest.xml:31:13-33:52
122                android:name="androidx.lifecycle.ProcessLifecycleInitializer"
122-->[androidx.lifecycle:lifecycle-process:2.4.0] AndroidManifest.xml:32:17-78
123                android:value="androidx.startup" />
123-->[androidx.lifecycle:lifecycle-process:2.4.0] AndroidManifest.xml:33:17-49
124        </provider>
125
126        <activity
126-->[com.google.android.gms:play-services-auth:21.3.0] AndroidManifest.xml:23:9-27:75
127            android:name="com.google.android.gms.auth.api.signin.internal.SignInHubActivity"
127-->[com.google.android.gms:play-services-auth:21.3.0] AndroidManifest.xml:24:13-93
128            android:excludeFromRecents="true"
128-->[com.google.android.gms:play-services-auth:21.3.0] AndroidManifest.xml:25:13-46
129            android:exported="false"
129-->[com.google.android.gms:play-services-auth:21.3.0] AndroidManifest.xml:26:13-37
130            android:theme="@android:style/Theme.Translucent.NoTitleBar" />
130-->[com.google.android.gms:play-services-auth:21.3.0] AndroidManifest.xml:27:13-72
131        <!--
132            Service handling Google Sign-In user revocation. For apps that do not integrate with
133            Google Sign-In, this service will never be started.
134        -->
135        <service
135-->[com.google.android.gms:play-services-auth:21.3.0] AndroidManifest.xml:33:9-37:51
136            android:name="com.google.android.gms.auth.api.signin.RevocationBoundService"
136-->[com.google.android.gms:play-services-auth:21.3.0] AndroidManifest.xml:34:13-89
137            android:exported="true"
137-->[com.google.android.gms:play-services-auth:21.3.0] AndroidManifest.xml:35:13-36
138            android:permission="com.google.android.gms.auth.api.signin.permission.REVOCATION_NOTIFICATION"
138-->[com.google.android.gms:play-services-auth:21.3.0] AndroidManifest.xml:36:13-107
139            android:visibleToInstantApps="true" />
139-->[com.google.android.gms:play-services-auth:21.3.0] AndroidManifest.xml:37:13-48
140
141        <receiver
141-->[com.google.firebase:firebase-messaging:24.1.1] AndroidManifest.xml:29:9-40:20
142            android:name="com.google.firebase.iid.FirebaseInstanceIdReceiver"
142-->[com.google.firebase:firebase-messaging:24.1.1] AndroidManifest.xml:30:13-78
143            android:exported="true"
143-->[com.google.firebase:firebase-messaging:24.1.1] AndroidManifest.xml:31:13-36
144            android:permission="com.google.android.c2dm.permission.SEND" >
144-->[com.google.firebase:firebase-messaging:24.1.1] AndroidManifest.xml:32:13-73
145            <intent-filter>
145-->[:react-native-firebase_messaging] AndroidManifest.xml:29:13-31:29
146                <action android:name="com.google.android.c2dm.intent.RECEIVE" />
146-->[:react-native-firebase_messaging] AndroidManifest.xml:30:17-81
146-->[:react-native-firebase_messaging] AndroidManifest.xml:30:25-78
147            </intent-filter>
148
149            <meta-data
149-->[com.google.firebase:firebase-messaging:24.1.1] AndroidManifest.xml:37:13-39:40
150                android:name="com.google.android.gms.cloudmessaging.FINISHED_AFTER_HANDLED"
150-->[com.google.firebase:firebase-messaging:24.1.1] AndroidManifest.xml:38:17-92
151                android:value="true" />
151-->[com.google.firebase:firebase-messaging:24.1.1] AndroidManifest.xml:39:17-37
152        </receiver>
153        <!--
154             FirebaseMessagingService performs security checks at runtime,
155             but set to not exported to explicitly avoid allowing another app to call it.
156        -->
157        <service
157-->[com.google.firebase:firebase-messaging:24.1.1] AndroidManifest.xml:46:9-53:19
158            android:name="com.google.firebase.messaging.FirebaseMessagingService"
158-->[com.google.firebase:firebase-messaging:24.1.1] AndroidManifest.xml:47:13-82
159            android:directBootAware="true"
159-->[com.google.firebase:firebase-messaging:24.1.1] AndroidManifest.xml:48:13-43
160            android:exported="false" >
160-->[com.google.firebase:firebase-messaging:24.1.1] AndroidManifest.xml:49:13-37
161            <intent-filter android:priority="-500" >
161-->[:react-native-firebase_messaging] AndroidManifest.xml:20:13-22:29
162                <action android:name="com.google.firebase.MESSAGING_EVENT" />
162-->[:react-native-firebase_messaging] AndroidManifest.xml:21:17-78
162-->[:react-native-firebase_messaging] AndroidManifest.xml:21:25-75
163            </intent-filter>
164        </service>
165
166        <activity
166-->[com.google.android.gms:play-services-base:18.5.0] AndroidManifest.xml:5:9-173
167            android:name="com.google.android.gms.common.api.GoogleApiActivity"
167-->[com.google.android.gms:play-services-base:18.5.0] AndroidManifest.xml:5:19-85
168            android:exported="false"
168-->[com.google.android.gms:play-services-base:18.5.0] AndroidManifest.xml:5:146-170
169            android:theme="@android:style/Theme.Translucent.NoTitleBar" />
169-->[com.google.android.gms:play-services-base:18.5.0] AndroidManifest.xml:5:86-145
170
171        <provider
171-->[com.google.firebase:firebase-common:21.0.0] AndroidManifest.xml:23:9-28:39
172            android:name="com.google.firebase.provider.FirebaseInitProvider"
172-->[com.google.firebase:firebase-common:21.0.0] AndroidManifest.xml:24:13-77
173            android:authorities="com.campuscart_shop.firebaseinitprovider"
173-->[com.google.firebase:firebase-common:21.0.0] AndroidManifest.xml:25:13-72
174            android:directBootAware="true"
174-->[com.google.firebase:firebase-common:21.0.0] AndroidManifest.xml:26:13-43
175            android:exported="false"
175-->[com.google.firebase:firebase-common:21.0.0] AndroidManifest.xml:27:13-37
176            android:initOrder="100" />
176-->[com.google.firebase:firebase-common:21.0.0] AndroidManifest.xml:28:13-36
177
178        <meta-data
178-->[com.google.android.gms:play-services-basement:18.4.0] AndroidManifest.xml:6:9-122
179            android:name="com.google.android.gms.version"
179-->[com.google.android.gms:play-services-basement:18.4.0] AndroidManifest.xml:6:20-65
180            android:value="@integer/google_play_services_version" />
180-->[com.google.android.gms:play-services-basement:18.4.0] AndroidManifest.xml:6:66-119
181
182        <service
182-->[com.google.android.datatransport:transport-backend-cct:3.1.9] AndroidManifest.xml:28:9-34:19
183            android:name="com.google.android.datatransport.runtime.backends.TransportBackendDiscovery"
183-->[com.google.android.datatransport:transport-backend-cct:3.1.9] AndroidManifest.xml:29:13-103
184            android:exported="false" >
184-->[com.google.android.datatransport:transport-backend-cct:3.1.9] AndroidManifest.xml:30:13-37
185            <meta-data
185-->[com.google.android.datatransport:transport-backend-cct:3.1.9] AndroidManifest.xml:31:13-33:39
186                android:name="backend:com.google.android.datatransport.cct.CctBackendFactory"
186-->[com.google.android.datatransport:transport-backend-cct:3.1.9] AndroidManifest.xml:32:17-94
187                android:value="cct" />
187-->[com.google.android.datatransport:transport-backend-cct:3.1.9] AndroidManifest.xml:33:17-36
188        </service>
189        <service
189-->[com.google.android.datatransport:transport-runtime:3.1.9] AndroidManifest.xml:26:9-30:19
190            android:name="com.google.android.datatransport.runtime.scheduling.jobscheduling.JobInfoSchedulerService"
190-->[com.google.android.datatransport:transport-runtime:3.1.9] AndroidManifest.xml:27:13-117
191            android:exported="false"
191-->[com.google.android.datatransport:transport-runtime:3.1.9] AndroidManifest.xml:28:13-37
192            android:permission="android.permission.BIND_JOB_SERVICE" >
192-->[com.google.android.datatransport:transport-runtime:3.1.9] AndroidManifest.xml:29:13-69
193        </service>
194
195        <receiver
195-->[com.google.android.datatransport:transport-runtime:3.1.9] AndroidManifest.xml:32:9-34:40
196            android:name="com.google.android.datatransport.runtime.scheduling.jobscheduling.AlarmManagerSchedulerBroadcastReceiver"
196-->[com.google.android.datatransport:transport-runtime:3.1.9] AndroidManifest.xml:33:13-132
197            android:exported="false" />
197-->[com.google.android.datatransport:transport-runtime:3.1.9] AndroidManifest.xml:34:13-37
198    </application>
199
200</manifest>